<?xml version="1.0" encoding="UTF-8"?>
<testsuite name="fr.ubo.dosi.projectagile.cscievaebackend.CsciEvaeBackendApplicationTests" tests="1" skipped="0" failures="0" errors="0" timestamp="2024-02-14T16:17:27" hostname="dosi-Latitude-5520" time="0.825">
  <properties/>
  <testcase name="contextLoads()" classname="fr.ubo.dosi.projectagile.cscievaebackend.CsciEvaeBackendApplicationTests" time="0.825"/>
  <system-out><![CDATA[17:17:16.254 [Test worker] INFO org.springframework.test.context.support.AnnotationConfigContextLoaderUtils -- Could not detect default configuration classes for test class [fr.ubo.dosi.projectagile.cscievaebackend.CsciEvaeBackendApplicationTests]: CsciEvaeBackendApplicationTests does not declare any static, non-private, non-final, nested classes annotated with @Configuration.
17:17:16.477 [Test worker] INFO org.springframework.boot.test.context.SpringBootTestContextBootstrapper -- Found @SpringBootConfiguration fr.ubo.dosi.projectagile.cscievaebackend.CsciEvaeBackendApplication for test class fr.ubo.dosi.projectagile.cscievaebackend.CsciEvaeBackendApplicationTests

  .   ____          _            __ _ _
 /\\ / ___'_ __ _ _(_)_ __  __ _ \ \ \ \
( ( )\___ | '_ | '_| | '_ \/ _` | \ \ \ \
 \\/  ___)| |_)| | | | | || (_| |  ) ) ) )
  '  |____| .__|_| |_|_| |_\__, | / / / /
 =========|_|==============|___/=/_/_/_/
 :: Spring Boot ::                (v3.2.2)

2024-02-14T17:17:17.288+01:00  INFO 154798 --- [    Test worker] .u.d.p.c.CsciEvaeBackendApplicationTests : Starting CsciEvaeBackendApplicationTests using Java 17.0.9 with PID 154798 (started by dosi in /home/dosi/IdeaProjects/CSCAfile/CSCI-EVAE-Backend)
2024-02-14T17:17:17.292+01:00  INFO 154798 --- [    Test worker] .u.d.p.c.CsciEvaeBackendApplicationTests : No active profile set, falling back to 1 default profile: "default"
2024-02-14T17:17:18.717+01:00  INFO 154798 --- [    Test worker] .s.d.r.c.RepositoryConfigurationDelegate : Bootstrapping Spring Data JPA repositories in DEFAULT mode.
2024-02-14T17:17:18.887+01:00  INFO 154798 --- [    Test worker] .s.d.r.c.RepositoryConfigurationDelegate : Finished Spring Data repository scanning in 157 ms. Found 19 JPA repository interfaces.
2024-02-14T17:17:19.937+01:00  INFO 154798 --- [    Test worker] o.hibernate.jpa.internal.util.LogHelper  : HHH000204: Processing PersistenceUnitInfo [name: default]
2024-02-14T17:17:20.046+01:00  INFO 154798 --- [    Test worker] org.hibernate.Version                    : HHH000412: Hibernate ORM core version 6.4.1.Final
2024-02-14T17:17:20.109+01:00  INFO 154798 --- [    Test worker] o.h.c.internal.RegionFactoryInitiator    : HHH000026: Second-level cache disabled
2024-02-14T17:17:20.531+01:00  INFO 154798 --- [    Test worker] o.s.o.j.p.SpringPersistenceUnitInfo      : No LoadTimeWeaver setup: ignoring JPA class transformer
2024-02-14T17:17:20.575+01:00  INFO 154798 --- [    Test worker] com.zaxxer.hikari.HikariDataSource       : HikariPool-1 - Starting...
2024-02-14T17:17:21.116+01:00  INFO 154798 --- [    Test worker] com.zaxxer.hikari.pool.HikariPool        : HikariPool-1 - Added connection com.mysql.cj.jdbc.ConnectionImpl@4ec0229c
2024-02-14T17:17:21.119+01:00  INFO 154798 --- [    Test worker] com.zaxxer.hikari.HikariDataSource       : HikariPool-1 - Start completed.
2024-02-14T17:17:21.192+01:00  WARN 154798 --- [    Test worker] org.hibernate.orm.deprecation            : HHH90000025: MySQL8Dialect does not need to be specified explicitly using 'hibernate.dialect' (remove the property setting and it will be selected by default)
2024-02-14T17:17:21.194+01:00  WARN 154798 --- [    Test worker] org.hibernate.orm.deprecation            : HHH90000026: MySQL8Dialect has been deprecated; use org.hibernate.dialect.MySQLDialect instead
2024-02-14T17:17:24.057+01:00  INFO 154798 --- [    Test worker] o.h.e.t.j.p.i.JtaPlatformInitiator       : HHH000489: No JTA platform available (set 'hibernate.transaction.jta.platform' to enable JTA platform integration)
2024-02-14T17:17:24.664+01:00  INFO 154798 --- [    Test worker] j.LocalContainerEntityManagerFactoryBean : Initialized JPA EntityManagerFactory for persistence unit 'default'
2024-02-14T17:17:26.000+01:00  WARN 154798 --- [    Test worker] JpaBaseConfiguration$JpaWebConfiguration : spring.jpa.open-in-view is enabled by default. Therefore, database queries may be performed during view rendering. Explicitly configure spring.jpa.open-in-view to disable this warning
2024-02-14T17:17:26.666+01:00  INFO 154798 --- [    Test worker] o.s.s.web.DefaultSecurityFilterChain     : Will secure any request with [org.springframework.security.web.session.DisableEncodeUrlFilter@63069995, org.springframework.security.web.context.request.async.WebAsyncManagerIntegrationFilter@3003d288, org.springframework.security.web.context.SecurityContextHolderFilter@2a1fce44, org.springframework.security.web.header.HeaderWriterFilter@4973dacf, org.springframework.web.filter.CorsFilter@110b6c78, org.springframework.security.web.authentication.logout.LogoutFilter@57ac220f, fr.ubo.dosi.projectagile.cscievaebackend.security.JwtAuthFilter@64f1e9f8, org.springframework.security.web.savedrequest.RequestCacheAwareFilter@6b5fdbd0, org.springframework.security.web.servletapi.SecurityContextHolderAwareRequestFilter@c32908c, org.springframework.security.web.authentication.AnonymousAuthenticationFilter@e62d757, org.springframework.security.web.session.SessionManagementFilter@2f89b44e, org.springframework.security.web.access.ExceptionTranslationFilter@38293d23, org.springframework.security.web.access.intercept.AuthorizationFilter@31620971]
2024-02-14T17:17:27.886+01:00  INFO 154798 --- [    Test worker] .u.d.p.c.CsciEvaeBackendApplicationTests : Started CsciEvaeBackendApplicationTests in 11.126 seconds (process running for 13.217)
]]></system-out>
  <system-err><![CDATA[]]></system-err>
</testsuite>
