<?xml version="1.0" encoding="UTF-8"?>
<testsuite name="fr.ubo.dosi.projectagile.cscievaebackend.CsciEvaeBackendApplicationTests" tests="1" skipped="0" failures="0" errors="0" timestamp="2024-02-15T16:03:05" hostname="DESKTOP-GDL0DRP" time="1.404">
  <properties/>
  <testcase name="contextLoads()" classname="fr.ubo.dosi.projectagile.cscievaebackend.CsciEvaeBackendApplicationTests" time="1.404"/>
  <system-out><![CDATA[17:02:49.019 [Test worker] INFO org.springframework.test.context.support.AnnotationConfigContextLoaderUtils -- Could not detect default configuration classes for test class [fr.ubo.dosi.projectagile.cscievaebackend.CsciEvaeBackendApplicationTests]: CsciEvaeBackendApplicationTests does not declare any static, non-private, non-final, nested classes annotated with @Configuration.
17:02:49.278 [Test worker] INFO org.springframework.boot.test.context.SpringBootTestContextBootstrapper -- Found @SpringBootConfiguration fr.ubo.dosi.projectagile.cscievaebackend.CsciEvaeBackendApplication for test class fr.ubo.dosi.projectagile.cscievaebackend.CsciEvaeBackendApplicationTests

  .   ____          _            __ _ _
 /\\ / ___'_ __ _ _(_)_ __  __ _ \ \ \ \
( ( )\___ | '_ | '_| | '_ \/ _` | \ \ \ \
 \\/  ___)| |_)| | | | | || (_| |  ) ) ) )
  '  |____| .__|_| |_|_| |_\__, | / / / /
 =========|_|==============|___/=/_/_/_/
 :: Spring Boot ::                (v3.2.2)

2024-02-15T17:02:50.376+01:00  INFO 15084 --- [    Test worker] .u.d.p.c.CsciEvaeBackendApplicationTests : Starting CsciEvaeBackendApplicationTests using Java 18.0.2.1 with PID 15084 (started by HP in C:\Users\HP\Desktop\Projet Agile\CSCI-EVAE-Backend)
2024-02-15T17:02:50.379+01:00  INFO 15084 --- [    Test worker] .u.d.p.c.CsciEvaeBackendApplicationTests : No active profile set, falling back to 1 default profile: "default"
2024-02-15T17:02:52.085+01:00  INFO 15084 --- [    Test worker] .s.d.r.c.RepositoryConfigurationDelegate : Bootstrapping Spring Data JPA repositories in DEFAULT mode.
2024-02-15T17:02:52.368+01:00  INFO 15084 --- [    Test worker] .s.d.r.c.RepositoryConfigurationDelegate : Finished Spring Data repository scanning in 268 ms. Found 17 JPA repository interfaces.
2024-02-15T17:02:53.598+01:00  INFO 15084 --- [    Test worker] o.hibernate.jpa.internal.util.LogHelper  : HHH000204: Processing PersistenceUnitInfo [name: default]
2024-02-15T17:02:53.688+01:00  INFO 15084 --- [    Test worker] org.hibernate.Version                    : HHH000412: Hibernate ORM core version 6.4.1.Final
2024-02-15T17:02:53.735+01:00  INFO 15084 --- [    Test worker] o.h.c.internal.RegionFactoryInitiator    : HHH000026: Second-level cache disabled
2024-02-15T17:02:54.095+01:00  INFO 15084 --- [    Test worker] o.s.o.j.p.SpringPersistenceUnitInfo      : No LoadTimeWeaver setup: ignoring JPA class transformer
2024-02-15T17:02:54.134+01:00  INFO 15084 --- [    Test worker] com.zaxxer.hikari.HikariDataSource       : HikariPool-1 - Starting...
2024-02-15T17:02:55.898+01:00  INFO 15084 --- [    Test worker] com.zaxxer.hikari.pool.HikariPool        : HikariPool-1 - Added connection oracle.jdbc.driver.T4CConnection@71b3ba5a
2024-02-15T17:02:55.911+01:00  INFO 15084 --- [    Test worker] com.zaxxer.hikari.HikariDataSource       : HikariPool-1 - Start completed.
2024-02-15T17:02:56.484+01:00  WARN 15084 --- [    Test worker] org.hibernate.dialect.Dialect            : HHH000511: The 11.2.0 version for [org.hibernate.dialect.OracleDialect] is no longer supported, hence certain features may not work properly. The minimum supported version is 19.0.0. Check the community dialects project for available legacy versions.
2024-02-15T17:02:56.494+01:00  WARN 15084 --- [    Test worker] org.hibernate.orm.deprecation            : HHH90000025: OracleDialect does not need to be specified explicitly using 'hibernate.dialect' (remove the property setting and it will be selected by default)
2024-02-15T17:03:01.440+01:00  INFO 15084 --- [    Test worker] o.h.e.t.j.p.i.JtaPlatformInitiator       : HHH000489: No JTA platform available (set 'hibernate.transaction.jta.platform' to enable JTA platform integration)
2024-02-15T17:03:01.458+01:00  INFO 15084 --- [    Test worker] j.LocalContainerEntityManagerFactoryBean : Initialized JPA EntityManagerFactory for persistence unit 'default'
2024-02-15T17:03:02.990+01:00  WARN 15084 --- [    Test worker] JpaBaseConfiguration$JpaWebConfiguration : spring.jpa.open-in-view is enabled by default. Therefore, database queries may be performed during view rendering. Explicitly configure spring.jpa.open-in-view to disable this warning
2024-02-15T17:03:03.842+01:00  INFO 15084 --- [    Test worker] o.s.s.web.DefaultSecurityFilterChain     : Will secure any request with [org.springframework.security.web.session.DisableEncodeUrlFilter@5ea9f2f3, org.springframework.security.web.context.request.async.WebAsyncManagerIntegrationFilter@72e5f018, org.springframework.security.web.context.SecurityContextHolderFilter@40fd9358, org.springframework.security.web.header.HeaderWriterFilter@c88a842, org.springframework.web.filter.CorsFilter@74ee8f57, org.springframework.security.web.authentication.logout.LogoutFilter@1368e451, fr.ubo.dosi.projectagile.cscievaebackend.security.JwtAuthFilter@1bff4b1f, org.springframework.security.web.savedrequest.RequestCacheAwareFilter@d3e9629, org.springframework.security.web.servletapi.SecurityContextHolderAwareRequestFilter@65c97eeb, org.springframework.security.web.authentication.AnonymousAuthenticationFilter@10522dfd, org.springframework.security.web.session.SessionManagementFilter@1d63c523, org.springframework.security.web.access.ExceptionTranslationFilter@676beb9f, org.springframework.security.web.access.intercept.AuthorizationFilter@52aa84ef]
2024-02-15T17:03:05.014+01:00  INFO 15084 --- [    Test worker] .u.d.p.c.CsciEvaeBackendApplicationTests : Started CsciEvaeBackendApplicationTests in 15.142 seconds (process running for 18.553)
]]></system-out>
  <system-err><![CDATA[]]></system-err>
</testsuite>
