<?xml version="1.0" encoding="UTF-8"?>
<testsuite name="fr.ubo.dosi.projectagile.cscievaebackend.CsciEvaeBackendApplicationTests" tests="1" skipped="0" failures="0" errors="0" timestamp="2024-02-10T15:25:09" hostname="dosi-Latitude-5520" time="0.387">
  <properties/>
  <testcase name="contextLoads()" classname="fr.ubo.dosi.projectagile.cscievaebackend.CsciEvaeBackendApplicationTests" time="0.387"/>
  <system-out><![CDATA[16:25:05.251 [Test worker] INFO org.springframework.test.context.support.AnnotationConfigContextLoaderUtils -- Could not detect default configuration classes for test class [fr.ubo.dosi.projectagile.cscievaebackend.CsciEvaeBackendApplicationTests]: CsciEvaeBackendApplicationTests does not declare any static, non-private, non-final, nested classes annotated with @Configuration.
16:25:05.331 [Test worker] INFO org.springframework.boot.test.context.SpringBootTestContextBootstrapper -- Found @SpringBootConfiguration fr.ubo.dosi.projectagile.cscievaebackend.CsciEvaeBackendApplication for test class fr.ubo.dosi.projectagile.cscievaebackend.CsciEvaeBackendApplicationTests

  .   ____          _            __ _ _
 /\\ / ___'_ __ _ _(_)_ __  __ _ \ \ \ \
( ( )\___ | '_ | '_| | '_ \/ _` | \ \ \ \
 \\/  ___)| |_)| | | | | || (_| |  ) ) ) )
  '  |____| .__|_| |_|_| |_\__, | / / / /
 =========|_|==============|___/=/_/_/_/
 :: Spring Boot ::                (v3.2.2)

2024-02-10T16:25:05.620+01:00  INFO 98044 --- [    Test worker] .u.d.p.c.CsciEvaeBackendApplicationTests : Starting CsciEvaeBackendApplicationTests using Java 17.0.9 with PID 98044 (started by dosi in /home/dosi/dosi/ProjrctAgile/CSCI-EVAE/csci-evae-backend)
2024-02-10T16:25:05.622+01:00  INFO 98044 --- [    Test worker] .u.d.p.c.CsciEvaeBackendApplicationTests : No active profile set, falling back to 1 default profile: "default"
2024-02-10T16:25:06.180+01:00  INFO 98044 --- [    Test worker] .s.d.r.c.RepositoryConfigurationDelegate : Bootstrapping Spring Data JPA repositories in DEFAULT mode.
2024-02-10T16:25:06.265+01:00  INFO 98044 --- [    Test worker] .s.d.r.c.RepositoryConfigurationDelegate : Finished Spring Data repository scanning in 79 ms. Found 19 JPA repository interfaces.
2024-02-10T16:25:06.666+01:00  INFO 98044 --- [    Test worker] o.hibernate.jpa.internal.util.LogHelper  : HHH000204: Processing PersistenceUnitInfo [name: default]
2024-02-10T16:25:06.700+01:00  INFO 98044 --- [    Test worker] org.hibernate.Version                    : HHH000412: Hibernate ORM core version 6.4.1.Final
2024-02-10T16:25:06.729+01:00  INFO 98044 --- [    Test worker] o.h.c.internal.RegionFactoryInitiator    : HHH000026: Second-level cache disabled
2024-02-10T16:25:06.864+01:00  INFO 98044 --- [    Test worker] o.s.o.j.p.SpringPersistenceUnitInfo      : No LoadTimeWeaver setup: ignoring JPA class transformer
2024-02-10T16:25:06.881+01:00  INFO 98044 --- [    Test worker] com.zaxxer.hikari.HikariDataSource       : HikariPool-1 - Starting...
2024-02-10T16:25:07.134+01:00  INFO 98044 --- [    Test worker] com.zaxxer.hikari.pool.HikariPool        : HikariPool-1 - Added connection com.mysql.cj.jdbc.ConnectionImpl@11c3ce6a
2024-02-10T16:25:07.136+01:00  INFO 98044 --- [    Test worker] com.zaxxer.hikari.HikariDataSource       : HikariPool-1 - Start completed.
2024-02-10T16:25:07.163+01:00  WARN 98044 --- [    Test worker] org.hibernate.orm.deprecation            : HHH90000025: MySQL8Dialect does not need to be specified explicitly using 'hibernate.dialect' (remove the property setting and it will be selected by default)
2024-02-10T16:25:07.164+01:00  WARN 98044 --- [    Test worker] org.hibernate.orm.deprecation            : HHH90000026: MySQL8Dialect has been deprecated; use org.hibernate.dialect.MySQLDialect instead
2024-02-10T16:25:08.151+01:00  INFO 98044 --- [    Test worker] o.h.e.t.j.p.i.JtaPlatformInitiator       : HHH000489: No JTA platform available (set 'hibernate.transaction.jta.platform' to enable JTA platform integration)
2024-02-10T16:25:08.416+01:00  INFO 98044 --- [    Test worker] j.LocalContainerEntityManagerFactoryBean : Initialized JPA EntityManagerFactory for persistence unit 'default'
2024-02-10T16:25:08.874+01:00  WARN 98044 --- [    Test worker] JpaBaseConfiguration$JpaWebConfiguration : spring.jpa.open-in-view is enabled by default. Therefore, database queries may be performed during view rendering. Explicitly configure spring.jpa.open-in-view to disable this warning
2024-02-10T16:25:09.152+01:00  INFO 98044 --- [    Test worker] o.s.s.web.DefaultSecurityFilterChain     : Will secure any request with [org.springframework.security.web.session.DisableEncodeUrlFilter@46a5aff, org.springframework.security.web.context.request.async.WebAsyncManagerIntegrationFilter@695f382c, org.springframework.security.web.context.SecurityContextHolderFilter@5ce34685, org.springframework.security.web.header.HeaderWriterFilter@943d0c2, org.springframework.web.filter.CorsFilter@29fa465a, org.springframework.security.web.authentication.logout.LogoutFilter@5d8de155, fr.ubo.dosi.projectagile.cscievaebackend.security.JwtAuthFilter@206a465f, org.springframework.security.web.savedrequest.RequestCacheAwareFilter@198d55de, org.springframework.security.web.servletapi.SecurityContextHolderAwareRequestFilter@3fe70a2d, org.springframework.security.web.authentication.AnonymousAuthenticationFilter@4b2ca159, org.springframework.security.web.session.SessionManagementFilter@44b99f09, org.springframework.security.web.access.ExceptionTranslationFilter@1c4335c8, org.springframework.security.web.access.intercept.AuthorizationFilter@7a174e4b]
2024-02-10T16:25:09.657+01:00  INFO 98044 --- [    Test worker] .u.d.p.c.CsciEvaeBackendApplicationTests : Started CsciEvaeBackendApplicationTests in 4.222 seconds (process running for 4.948)
]]></system-out>
  <system-err><![CDATA[]]></system-err>
</testsuite>
