<?xml version="1.0" encoding="UTF-8"?>
<testsuite name="fr.ubo.dosi.projectagile.cscievaebackend.CsciEvaeBackendApplicationTests" tests="1" skipped="0" failures="0" errors="0" timestamp="2024-02-11T12:49:05" hostname="dosi-Latitude-5520" time="0.377">
  <properties/>
  <testcase name="contextLoads()" classname="fr.ubo.dosi.projectagile.cscievaebackend.CsciEvaeBackendApplicationTests" time="0.377"/>
  <system-out><![CDATA[13:49:01.411 [Test worker] INFO org.springframework.test.context.support.AnnotationConfigContextLoaderUtils -- Could not detect default configuration classes for test class [fr.ubo.dosi.projectagile.cscievaebackend.CsciEvaeBackendApplicationTests]: CsciEvaeBackendApplicationTests does not declare any static, non-private, non-final, nested classes annotated with @Configuration.
13:49:01.490 [Test worker] INFO org.springframework.boot.test.context.SpringBootTestContextBootstrapper -- Found @SpringBootConfiguration fr.ubo.dosi.projectagile.cscievaebackend.CsciEvaeBackendApplication for test class fr.ubo.dosi.projectagile.cscievaebackend.CsciEvaeBackendApplicationTests

  .   ____          _            __ _ _
 /\\ / ___'_ __ _ _(_)_ __  __ _ \ \ \ \
( ( )\___ | '_ | '_| | '_ \/ _` | \ \ \ \
 \\/  ___)| |_)| | | | | || (_| |  ) ) ) )
  '  |____| .__|_| |_|_| |_\__, | / / / /
 =========|_|==============|___/=/_/_/_/
 :: Spring Boot ::                (v3.2.2)

2024-02-11T13:49:01.734+01:00  INFO 957189 --- [    Test worker] .u.d.p.c.CsciEvaeBackendApplicationTests : Starting CsciEvaeBackendApplicationTests using Java 17.0.9 with PID 957189 (started by dosi in /home/dosi/dosi/ProjrctAgile/CSCI-EVAE/csci-evae-backend)
2024-02-11T13:49:01.736+01:00  INFO 957189 --- [    Test worker] .u.d.p.c.CsciEvaeBackendApplicationTests : No active profile set, falling back to 1 default profile: "default"
2024-02-11T13:49:02.222+01:00  INFO 957189 --- [    Test worker] .s.d.r.c.RepositoryConfigurationDelegate : Bootstrapping Spring Data JPA repositories in DEFAULT mode.
2024-02-11T13:49:02.287+01:00  INFO 957189 --- [    Test worker] .s.d.r.c.RepositoryConfigurationDelegate : Finished Spring Data repository scanning in 58 ms. Found 19 JPA repository interfaces.
2024-02-11T13:49:02.701+01:00  INFO 957189 --- [    Test worker] o.hibernate.jpa.internal.util.LogHelper  : HHH000204: Processing PersistenceUnitInfo [name: default]
2024-02-11T13:49:02.729+01:00  INFO 957189 --- [    Test worker] org.hibernate.Version                    : HHH000412: Hibernate ORM core version 6.4.1.Final
2024-02-11T13:49:02.750+01:00  INFO 957189 --- [    Test worker] o.h.c.internal.RegionFactoryInitiator    : HHH000026: Second-level cache disabled
2024-02-11T13:49:02.904+01:00  INFO 957189 --- [    Test worker] o.s.o.j.p.SpringPersistenceUnitInfo      : No LoadTimeWeaver setup: ignoring JPA class transformer
2024-02-11T13:49:02.920+01:00  INFO 957189 --- [    Test worker] com.zaxxer.hikari.HikariDataSource       : HikariPool-1 - Starting...
2024-02-11T13:49:03.222+01:00  INFO 957189 --- [    Test worker] com.zaxxer.hikari.pool.HikariPool        : HikariPool-1 - Added connection com.mysql.cj.jdbc.ConnectionImpl@7aa15a80
2024-02-11T13:49:03.224+01:00  INFO 957189 --- [    Test worker] com.zaxxer.hikari.HikariDataSource       : HikariPool-1 - Start completed.
2024-02-11T13:49:03.260+01:00  WARN 957189 --- [    Test worker] org.hibernate.orm.deprecation            : HHH90000025: MySQL8Dialect does not need to be specified explicitly using 'hibernate.dialect' (remove the property setting and it will be selected by default)
2024-02-11T13:49:03.261+01:00  WARN 957189 --- [    Test worker] org.hibernate.orm.deprecation            : HHH90000026: MySQL8Dialect has been deprecated; use org.hibernate.dialect.MySQLDialect instead
2024-02-11T13:49:04.209+01:00  INFO 957189 --- [    Test worker] o.h.e.t.j.p.i.JtaPlatformInitiator       : HHH000489: No JTA platform available (set 'hibernate.transaction.jta.platform' to enable JTA platform integration)
2024-02-11T13:49:04.466+01:00  INFO 957189 --- [    Test worker] j.LocalContainerEntityManagerFactoryBean : Initialized JPA EntityManagerFactory for persistence unit 'default'
2024-02-11T13:49:04.915+01:00  WARN 957189 --- [    Test worker] JpaBaseConfiguration$JpaWebConfiguration : spring.jpa.open-in-view is enabled by default. Therefore, database queries may be performed during view rendering. Explicitly configure spring.jpa.open-in-view to disable this warning
2024-02-11T13:49:05.168+01:00  INFO 957189 --- [    Test worker] o.s.s.web.DefaultSecurityFilterChain     : Will secure any request with [org.springframework.security.web.session.DisableEncodeUrlFilter@63236968, org.springframework.security.web.context.request.async.WebAsyncManagerIntegrationFilter@4f6f7a86, org.springframework.security.web.context.SecurityContextHolderFilter@28ec92c9, org.springframework.security.web.header.HeaderWriterFilter@724a80d2, org.springframework.web.filter.CorsFilter@6ed78a5e, org.springframework.security.web.authentication.logout.LogoutFilter@46a5aff, fr.ubo.dosi.projectagile.cscievaebackend.security.JwtAuthFilter@da2303c, org.springframework.security.web.savedrequest.RequestCacheAwareFilter@7789719e, org.springframework.security.web.servletapi.SecurityContextHolderAwareRequestFilter@5fbb2e1c, org.springframework.security.web.authentication.AnonymousAuthenticationFilter@4e0a5606, org.springframework.security.web.session.SessionManagementFilter@347770a9, org.springframework.security.web.access.ExceptionTranslationFilter@44b99f09, org.springframework.security.web.access.intercept.AuthorizationFilter@5b5f48d5]
2024-02-11T13:49:05.709+01:00  INFO 957189 --- [    Test worker] .u.d.p.c.CsciEvaeBackendApplicationTests : Started CsciEvaeBackendApplicationTests in 4.117 seconds (process running for 4.861)
]]></system-out>
  <system-err><![CDATA[]]></system-err>
</testsuite>
